build/outputs/logs/manifest-merger-debug-report.txt
-- Merging decision tree log ---
manifest
ADDED from Desktop\GiseleBit VOIP\AndroidManifest.xml:2:1-59:12
	package
		ADDED from Desktop\GiseleBit VOIP\AndroidManifest.xml:4:5-49
	android:versionName
		ADDED from Desktop\GiseleBit VOIP\AndroidManifest.xml:6:11-36
		INJECTED from Desktop\GiseleBit VOIP\AndroidManifest.xml
		INJECTED from Desktop\GiseleBit VOIP\AndroidManifest.xml
	xmlns:tools
		ADDED from Desktop\GiseleBit VOIP\AndroidManifest.xml:3:5-51
	android:versionCode
		ADDED from Desktop\GiseleBit VOIP\AndroidManifest.xml:5:11-34
		INJECTED from Desktop\GiseleBit VOIP\AndroidManifest.xml
		INJECTED from Desktop\GiseleBit VOIP\AndroidManifest.xml
	xmlns:android
		ADDED from Desktop\GiseleBit VOIP\AndroidManifest.xml:2:11-69
uses-feature#android.hardware.microphone
ADDED from Desktop\GiseleBit VOIP\AndroidManifest.xml:8:5-10:39
	android:required
		ADDED from Desktop\GiseleBit VOIP\AndroidManifest.xml:10:13-37
	android:name
		ADDED from Desktop\GiseleBit VOIP\AndroidManifest.xml:9:13-55
uses-permission#android.permission.WRITE_EXTERNAL_STORAGE
ADDED from Desktop\GiseleBit VOIP\AndroidManifest.xml:11:5-81
	android:name
		ADDED from Desktop\GiseleBit VOIP\AndroidManifest.xml:11:22-78
uses-permission#android.permission.INTERNET
ADDED from Desktop\GiseleBit VOIP\AndroidManifest.xml:12:5-66
	android:name
		ADDED from Desktop\GiseleBit VOIP\AndroidManifest.xml:12:22-64
uses-permission#android.permission.RECORD_AUDIO
ADDED from Desktop\GiseleBit VOIP\AndroidManifest.xml:13:5-70
	android:name
		ADDED from Desktop\GiseleBit VOIP\AndroidManifest.xml:13:22-68
uses-permission#android.permission.MODIFY_AUDIO_SETTINGS
ADDED from Desktop\GiseleBit VOIP\AndroidManifest.xml:14:5-79
	android:name
		ADDED from Desktop\GiseleBit VOIP\AndroidManifest.xml:14:22-77
uses-permission#android.permission.READ_PHONE_STATE
ADDED from Desktop\GiseleBit VOIP\AndroidManifest.xml:15:5-74
	android:name
		ADDED from Desktop\GiseleBit VOIP\AndroidManifest.xml:15:22-72
uses-permission#android.permission.ACCESS_NETWORK_STATE
ADDED from Desktop\GiseleBit VOIP\AndroidManifest.xml:16:5-78
	android:name
		ADDED from Desktop\GiseleBit VOIP\AndroidManifest.xml:16:22-76
uses-permission#android.permission.CAMERA
ADDED from Desktop\GiseleBit VOIP\AndroidManifest.xml:17:5-64
	android:name
		ADDED from Desktop\GiseleBit VOIP\AndroidManifest.xml:17:22-62
uses-sdk
ADDED from Desktop\GiseleBit VOIP\AndroidManifest.xml:19:5-21:44
MERGED from [com.android.support:appcompat-v7:23.0.1] AndroidManifest.xml:20:5-43
MERGED from [com.android.support:support-v4:23.0.1] AndroidManifest.xml:20:5-43
	android:targetSdkVersion
		ADDED from Desktop\GiseleBit VOIP\AndroidManifest.xml:21:13-42
		INJECTED from Desktop\GiseleBit VOIP\AndroidManifest.xml
		INJECTED from Desktop\GiseleBit VOIP\AndroidManifest.xml
	android:minSdkVersion
		ADDED from Desktop\GiseleBit VOIP\AndroidManifest.xml:20:13-38
		INJECTED from Desktop\GiseleBit VOIP\AndroidManifest.xml
		INJECTED from Desktop\GiseleBit VOIP\AndroidManifest.xml
application
ADDED from Desktop\GiseleBit VOIP\AndroidManifest.xml:23:5-57:19
MERGED from [com.android.support:appcompat-v7:23.0.1] AndroidManifest.xml:22:5-20
MERGED from [com.android.support:support-v4:23.0.1] AndroidManifest.xml:22:5-20
	android:label
		ADDED from Desktop\GiseleBit VOIP\AndroidManifest.xml:26:13-45
	android:allowBackup
		ADDED from Desktop\GiseleBit VOIP\AndroidManifest.xml:24:13-39
	android:icon
		ADDED from Desktop\GiseleBit VOIP\AndroidManifest.xml:25:13-42
	android:theme
		ADDED from Desktop\GiseleBit VOIP\AndroidManifest.xml:27:13-44
service#com.sinch.android.rtc.sample.video.SinchService
ADDED from Desktop\GiseleBit VOIP\AndroidManifest.xml:28:9-57
	android:name
		ADDED from Desktop\GiseleBit VOIP\AndroidManifest.xml:28:18-46
activity#com.sinch.android.rtc.sample.video.LoginActivity
ADDED from Desktop\GiseleBit VOIP\AndroidManifest.xml:29:9-40:20
	android:screenOrientation
		ADDED from Desktop\GiseleBit VOIP\AndroidManifest.xml:32:13-49
	android:label
		ADDED from Desktop\GiseleBit VOIP\AndroidManifest.xml:31:17-49
	android:name
		ADDED from Desktop\GiseleBit VOIP\AndroidManifest.xml:30:17-46
activity#com.sinch.android.rtc.sample.video.Nurse
ADDED from Desktop\GiseleBit VOIP\AndroidManifest.xml:33:9-34:36
	android:name
		ADDED from Desktop\GiseleBit VOIP\AndroidManifest.xml:34:13-34
intent-filter#android.intent.action.MAIN+android.intent.category.LAUNCHER
ADDED from Desktop\GiseleBit VOIP\AndroidManifest.xml:35:13-39:29
action#android.intent.action.MAIN
ADDED from Desktop\GiseleBit VOIP\AndroidManifest.xml:36:17-69
	android:name
		ADDED from Desktop\GiseleBit VOIP\AndroidManifest.xml:36:25-66
category#android.intent.category.LAUNCHER
ADDED from Desktop\GiseleBit VOIP\AndroidManifest.xml:38:17-77
	android:name
		ADDED from Desktop\GiseleBit VOIP\AndroidManifest.xml:38:27-74
activity#com.sinch.android.rtc.sample.video.CallScreenActivity
ADDED from Desktop\GiseleBit VOIP\AndroidManifest.xml:41:9-55
	android:name
		ADDED from Desktop\GiseleBit VOIP\AndroidManifest.xml:41:19-53
activity#com.sinch.android.rtc.sample.video.IncomingCallScreenActivity
ADDED from Desktop\GiseleBit VOIP\AndroidManifest.xml:42:9-43:45
	android:screenOrientation
		ADDED from Desktop\GiseleBit VOIP\AndroidManifest.xml:42:62-98
	android:noHistory
		ADDED from Desktop\GiseleBit VOIP\AndroidManifest.xml:43:19-43
	android:name
		ADDED from Desktop\GiseleBit VOIP\AndroidManifest.xml:42:19-61
activity#com.sinch.android.rtc.sample.video.PlaceCallActivity
ADDED from Desktop\GiseleBit VOIP\AndroidManifest.xml:44:9-91
	android:screenOrientation
		ADDED from Desktop\GiseleBit VOIP\AndroidManifest.xml:44:53-89
	android:name
		ADDED from Desktop\GiseleBit VOIP\AndroidManifest.xml:44:19-52
activity#com.sinch.android.rtc.sample.video.NurseVoice
ADDED from Desktop\GiseleBit VOIP\AndroidManifest.xml:45:9-53:20
	android:screenOrientation
		ADDED from Desktop\GiseleBit VOIP\AndroidManifest.xml:49:13-49
	android:label
		ADDED from Desktop\GiseleBit VOIP\AndroidManifest.xml:47:13-75
	tools:ignore
		ADDED from Desktop\GiseleBit VOIP\AndroidManifest.xml:48:13-45
	android:name
		ADDED from Desktop\GiseleBit VOIP\AndroidManifest.xml:46:13-39
meta-data#android.support.PARENT_ACTIVITY
ADDED from Desktop\GiseleBit VOIP\AndroidManifest.xml:50:13-52:81
	android:value
		ADDED from Desktop\GiseleBit VOIP\AndroidManifest.xml:52:17-78
	android:name
		ADDED from Desktop\GiseleBit VOIP\AndroidManifest.xml:51:17-63
activity#com.sinch.android.rtc.sample.video.NurseIs
ADDED from Desktop\GiseleBit VOIP\AndroidManifest.xml:55:9-56:51
	android:screenOrientation
		ADDED from Desktop\GiseleBit VOIP\AndroidManifest.xml:56:13-49
	android:name
		ADDED from Desktop\GiseleBit VOIP\AndroidManifest.xml:55:19-42